0 info it worked if it ends with ok
1 verbose cli [ '/usr/bin/node', '/usr/bin/npm', 'install', 'morgan' ]
2 info using npm@3.5.2
3 info using node@v8.10.0
4 silly loadCurrentTree Starting
5 silly install loadCurrentTree
6 silly install readLocalPackageData
7 silly fetchPackageMetaData morgan@~1.9.1
8 silly fetchNamedPackageData morgan
9 silly mapToRegistry name morgan
10 silly mapToRegistry using default registry
11 silly mapToRegistry registry https://registry.npmjs.org/
12 silly mapToRegistry uri https://registry.npmjs.org/morgan
13 verbose request uri https://registry.npmjs.org/morgan
14 verbose request no auth needed
15 info attempt registry request try #1 at 5:14:30 PM
16 verbose request id eac214b512306af1
17 verbose etag W/"78ab6c0508023c8463c8bc839eedb957"
18 verbose lastModified Sun, 10 Mar 2019 10:30:26 GMT
19 http request GET https://registry.npmjs.org/morgan
20 http 304 https://registry.npmjs.org/morgan
21 verbose headers { date: 'Fri, 24 May 2019 17:14:30 GMT',
21 verbose headers   connection: 'keep-alive',
21 verbose headers   'set-cookie':
21 verbose headers    [ '__cfduid=da4e9813b7141ab74af787ab48f89273c1558718070; expires=Sat, 23-May-20 17:14:30 GMT; path=/; domain=.registry.npmjs.org; HttpOnly' ],
21 verbose headers   'cf-cache-status': 'HIT',
21 verbose headers   'cache-control': 'max-age=300',
21 verbose headers   'cf-ray': '4dc0e8044e11c1e3-IAD',
21 verbose headers   etag: '"78ab6c0508023c8463c8bc839eedb957"',
21 verbose headers   'expect-ct': 'max-age=604800, report-uri="https://report-uri.cloudflare.com/cdn-cgi/beacon/expect-ct"',
21 verbose headers   'last-modified': 'Sun, 10 Mar 2019 10:30:26 GMT',
21 verbose headers   vary: 'accept-encoding, accept',
21 verbose headers   'x-amz-meta-rev': '534-b6f31c4aeb31195b046c19e3d4301266',
21 verbose headers   server: 'cloudflare' }
22 silly get cb [ 304,
22 silly get   { date: 'Fri, 24 May 2019 17:14:30 GMT',
22 silly get     connection: 'keep-alive',
22 silly get     'set-cookie':
22 silly get      [ '__cfduid=da4e9813b7141ab74af787ab48f89273c1558718070; expires=Sat, 23-May-20 17:14:30 GMT; path=/; domain=.registry.npmjs.org; HttpOnly' ],
22 silly get     'cf-cache-status': 'HIT',
22 silly get     'cache-control': 'max-age=300',
22 silly get     'cf-ray': '4dc0e8044e11c1e3-IAD',
22 silly get     etag: '"78ab6c0508023c8463c8bc839eedb957"',
22 silly get     'expect-ct': 'max-age=604800, report-uri="https://report-uri.cloudflare.com/cdn-cgi/beacon/expect-ct"',
22 silly get     'last-modified': 'Sun, 10 Mar 2019 10:30:26 GMT',
22 silly get     vary: 'accept-encoding, accept',
22 silly get     'x-amz-meta-rev': '534-b6f31c4aeb31195b046c19e3d4301266',
22 silly get     server: 'cloudflare' } ]
23 verbose etag https://registry.npmjs.org/morgan from cache
24 verbose get saving morgan to /home/ubuntu/.npm/registry.npmjs.org/morgan/.cache.json
25 silly install normalizeTree
26 silly loadCurrentTree Finishing
27 silly loadIdealTree Starting
28 silly install loadIdealTree
29 silly cloneCurrentTree Starting
30 silly install cloneCurrentTreeToIdealTree
31 silly cloneCurrentTree Finishing
32 silly loadShrinkwrap Starting
33 silly install loadShrinkwrap
34 silly loadShrinkwrap Finishing
35 silly loadAllDepsIntoIdealTree Starting
36 silly install loadAllDepsIntoIdealTree
37 silly resolveWithNewModule morgan@1.9.1 checking installable status
38 silly cache add args [ 'morgan@~1.9.1', null ]
39 verbose cache add spec morgan@~1.9.1
40 silly cache add parsed spec Result {
40 silly cache add   raw: 'morgan@~1.9.1',
40 silly cache add   scope: null,
40 silly cache add   name: 'morgan',
40 silly cache add   rawSpec: '~1.9.1',
40 silly cache add   spec: '>=1.9.1 <1.10.0',
40 silly cache add   type: 'range' }
41 silly addNamed morgan@>=1.9.1 <1.10.0
42 verbose addNamed ">=1.9.1 <1.10.0" is a valid semver range for morgan
43 silly addNameRange { name: 'morgan', range: '>=1.9.1 <1.10.0', hasData: false }
44 silly mapToRegistry name morgan
45 silly mapToRegistry using default registry
46 silly mapToRegistry registry https://registry.npmjs.org/
47 silly mapToRegistry uri https://registry.npmjs.org/morgan
48 verbose addNameRange registry:https://registry.npmjs.org/morgan not in flight; fetching
49 verbose get https://registry.npmjs.org/morgan not expired, no request
50 silly addNameRange number 2 { name: 'morgan', range: '>=1.9.1 <1.10.0', hasData: true }
51 silly addNameRange versions [ 'morgan',
51 silly addNameRange   [ '1.0.0',
51 silly addNameRange     '1.0.1',
51 silly addNameRange     '1.1.0',
51 silly addNameRange     '1.1.1',
51 silly addNameRange     '1.2.0',
51 silly addNameRange     '1.2.1',
51 silly addNameRange     '1.2.2',
51 silly addNameRange     '1.2.3',
51 silly addNameRange     '1.3.0',
51 silly addNameRange     '1.3.1',
51 silly addNameRange     '1.3.2',
51 silly addNameRange     '1.4.0',
51 silly addNameRange     '1.4.1',
51 silly addNameRange     '1.5.0',
51 silly addNameRange     '1.5.1',
51 silly addNameRange     '1.5.2',
51 silly addNameRange     '1.5.3',
51 silly addNameRange     '1.6.0',
51 silly addNameRange     '1.6.1',
51 silly addNameRange     '1.7.0',
51 silly addNameRange     '1.8.0',
51 silly addNameRange     '1.8.1',
51 silly addNameRange     '1.8.2',
51 silly addNameRange     '1.9.0',
51 silly addNameRange     '1.9.1' ] ]
52 silly addNamed morgan@1.9.1
53 verbose addNamed "1.9.1" is a plain semver version for morgan
54 silly cache afterAdd morgan@1.9.1
55 verbose afterAdd /home/ubuntu/.npm/morgan/1.9.1/package/package.json not in flight; writing
56 verbose afterAdd /home/ubuntu/.npm/morgan/1.9.1/package/package.json written
57 silly fetchNamedPackageData basic-auth
58 silly mapToRegistry name basic-auth
59 silly mapToRegistry using default registry
60 silly mapToRegistry registry https://registry.npmjs.org/
61 silly mapToRegistry uri https://registry.npmjs.org/basic-auth
62 silly fetchNamedPackageData on-headers
63 silly mapToRegistry name on-headers
64 silly mapToRegistry using default registry
65 silly mapToRegistry registry https://registry.npmjs.org/
66 silly mapToRegistry uri https://registry.npmjs.org/on-headers
67 verbose request uri https://registry.npmjs.org/basic-auth
68 verbose request no auth needed
69 info attempt registry request try #1 at 5:14:30 PM
70 verbose etag W/"c803829f6c209fd1cd8639b7f44a4057"
71 verbose lastModified Tue, 01 Jan 2019 08:19:24 GMT
72 http request GET https://registry.npmjs.org/basic-auth
73 verbose request uri https://registry.npmjs.org/on-headers
74 verbose request no auth needed
75 info attempt registry request try #1 at 5:14:30 PM
76 verbose etag W/"f4b0ced7f21b1a4e6ba999293fd842a1"
77 verbose lastModified Fri, 22 Feb 2019 03:48:58 GMT
78 http request GET https://registry.npmjs.org/on-headers
79 http 304 https://registry.npmjs.org/on-headers
80 verbose headers { date: 'Fri, 24 May 2019 17:14:30 GMT',
80 verbose headers   connection: 'keep-alive',
80 verbose headers   'set-cookie':
80 verbose headers    [ '__cfduid=d0fdd20cf13a6bf1fd89e0c36cfc95cf61558718070; expires=Sat, 23-May-20 17:14:30 GMT; path=/; domain=.registry.npmjs.org; HttpOnly' ],
80 verbose headers   'cf-cache-status': 'HIT',
80 verbose headers   'cache-control': 'max-age=300',
80 verbose headers   'cf-ray': '4dc0e80538ebc1ed-IAD',
80 verbose headers   etag: '"f4b0ced7f21b1a4e6ba999293fd842a1"',
80 verbose headers   'expect-ct': 'max-age=604800, report-uri="https://report-uri.cloudflare.com/cdn-cgi/beacon/expect-ct"',
80 verbose headers   'last-modified': 'Fri, 22 Feb 2019 03:48:58 GMT',
80 verbose headers   vary: 'accept-encoding, accept',
80 verbose headers   'x-amz-meta-rev': '18-45116999a57a328e26a2b2eca2566d28',
80 verbose headers   server: 'cloudflare' }
81 silly get cb [ 304,
81 silly get   { date: 'Fri, 24 May 2019 17:14:30 GMT',
81 silly get     connection: 'keep-alive',
81 silly get     'set-cookie':
81 silly get      [ '__cfduid=d0fdd20cf13a6bf1fd89e0c36cfc95cf61558718070; expires=Sat, 23-May-20 17:14:30 GMT; path=/; domain=.registry.npmjs.org; HttpOnly' ],
81 silly get     'cf-cache-status': 'HIT',
81 silly get     'cache-control': 'max-age=300',
81 silly get     'cf-ray': '4dc0e80538ebc1ed-IAD',
81 silly get     etag: '"f4b0ced7f21b1a4e6ba999293fd842a1"',
81 silly get     'expect-ct': 'max-age=604800, report-uri="https://report-uri.cloudflare.com/cdn-cgi/beacon/expect-ct"',
81 silly get     'last-modified': 'Fri, 22 Feb 2019 03:48:58 GMT',
81 silly get     vary: 'accept-encoding, accept',
81 silly get     'x-amz-meta-rev': '18-45116999a57a328e26a2b2eca2566d28',
81 silly get     server: 'cloudflare' } ]
82 verbose etag https://registry.npmjs.org/on-headers from cache
83 verbose get saving on-headers to /home/ubuntu/.npm/registry.npmjs.org/on-headers/.cache.json
84 http 304 https://registry.npmjs.org/basic-auth
85 verbose headers { date: 'Fri, 24 May 2019 17:14:30 GMT',
85 verbose headers   connection: 'keep-alive',
85 verbose headers   'set-cookie':
85 verbose headers    [ '__cfduid=da4e9813b7141ab74af787ab48f89273c1558718070; expires=Sat, 23-May-20 17:14:30 GMT; path=/; domain=.registry.npmjs.org; HttpOnly' ],
85 verbose headers   'cf-cache-status': 'HIT',
85 verbose headers   'cache-control': 'max-age=300',
85 verbose headers   'cf-ray': '4dc0e805289bc1e3-IAD',
85 verbose headers   etag: '"c803829f6c209fd1cd8639b7f44a4057"',
85 verbose headers   'expect-ct': 'max-age=604800, report-uri="https://report-uri.cloudflare.com/cdn-cgi/beacon/expect-ct"',
85 verbose headers   'last-modified': 'Tue, 01 Jan 2019 08:19:24 GMT',
85 verbose headers   vary: 'accept-encoding, accept',
85 verbose headers   'x-amz-meta-rev': '69-832a2f7229a231bd01e3c27ae87184da',
85 verbose headers   server: 'cloudflare' }
86 silly get cb [ 304,
86 silly get   { date: 'Fri, 24 May 2019 17:14:30 GMT',
86 silly get     connection: 'keep-alive',
86 silly get     'set-cookie':
86 silly get      [ '__cfduid=da4e9813b7141ab74af787ab48f89273c1558718070; expires=Sat, 23-May-20 17:14:30 GMT; path=/; domain=.registry.npmjs.org; HttpOnly' ],
86 silly get     'cf-cache-status': 'HIT',
86 silly get     'cache-control': 'max-age=300',
86 silly get     'cf-ray': '4dc0e805289bc1e3-IAD',
86 silly get     etag: '"c803829f6c209fd1cd8639b7f44a4057"',
86 silly get     'expect-ct': 'max-age=604800, report-uri="https://report-uri.cloudflare.com/cdn-cgi/beacon/expect-ct"',
86 silly get     'last-modified': 'Tue, 01 Jan 2019 08:19:24 GMT',
86 silly get     vary: 'accept-encoding, accept',
86 silly get     'x-amz-meta-rev': '69-832a2f7229a231bd01e3c27ae87184da',
86 silly get     server: 'cloudflare' } ]
87 verbose etag https://registry.npmjs.org/basic-auth from cache
88 verbose get saving basic-auth to /home/ubuntu/.npm/registry.npmjs.org/basic-auth/.cache.json
89 silly resolveWithNewModule on-headers@1.0.2 checking installable status
90 silly cache add args [ 'on-headers@~1.0.1', null ]
91 verbose cache add spec on-headers@~1.0.1
92 silly cache add parsed spec Result {
92 silly cache add   raw: 'on-headers@~1.0.1',
92 silly cache add   scope: null,
92 silly cache add   name: 'on-headers',
92 silly cache add   rawSpec: '~1.0.1',
92 silly cache add   spec: '>=1.0.1 <1.1.0',
92 silly cache add   type: 'range' }
93 silly addNamed on-headers@>=1.0.1 <1.1.0
94 verbose addNamed ">=1.0.1 <1.1.0" is a valid semver range for on-headers
95 silly addNameRange { name: 'on-headers', range: '>=1.0.1 <1.1.0', hasData: false }
96 silly mapToRegistry name on-headers
97 silly mapToRegistry using default registry
98 silly mapToRegistry registry https://registry.npmjs.org/
99 silly mapToRegistry uri https://registry.npmjs.org/on-headers
100 verbose addNameRange registry:https://registry.npmjs.org/on-headers not in flight; fetching
101 silly resolveWithNewModule basic-auth@2.0.1 checking installable status
102 silly cache add args [ 'basic-auth@~2.0.0', null ]
103 verbose cache add spec basic-auth@~2.0.0
104 silly cache add parsed spec Result {
104 silly cache add   raw: 'basic-auth@~2.0.0',
104 silly cache add   scope: null,
104 silly cache add   name: 'basic-auth',
104 silly cache add   rawSpec: '~2.0.0',
104 silly cache add   spec: '>=2.0.0 <2.1.0',
104 silly cache add   type: 'range' }
105 silly addNamed basic-auth@>=2.0.0 <2.1.0
106 verbose addNamed ">=2.0.0 <2.1.0" is a valid semver range for basic-auth
107 silly addNameRange { name: 'basic-auth', range: '>=2.0.0 <2.1.0', hasData: false }
108 silly mapToRegistry name basic-auth
109 silly mapToRegistry using default registry
110 silly mapToRegistry registry https://registry.npmjs.org/
111 silly mapToRegistry uri https://registry.npmjs.org/basic-auth
112 verbose addNameRange registry:https://registry.npmjs.org/basic-auth not in flight; fetching
113 verbose get https://registry.npmjs.org/on-headers not expired, no request
114 silly addNameRange number 2 { name: 'on-headers', range: '>=1.0.1 <1.1.0', hasData: true }
115 silly addNameRange versions [ 'on-headers', [ '0.0.0', '1.0.0', '1.0.1', '1.0.2' ] ]
116 silly addNamed on-headers@1.0.2
117 verbose addNamed "1.0.2" is a plain semver version for on-headers
118 verbose get https://registry.npmjs.org/basic-auth not expired, no request
119 silly addNameRange number 2 { name: 'basic-auth', range: '>=2.0.0 <2.1.0', hasData: true }
120 silly addNameRange versions [ 'basic-auth',
120 silly addNameRange   [ '0.0.1',
120 silly addNameRange     '1.0.0',
120 silly addNameRange     '1.0.1',
120 silly addNameRange     '1.0.2',
120 silly addNameRange     '1.0.3',
120 silly addNameRange     '1.0.4',
120 silly addNameRange     '1.1.0',
120 silly addNameRange     '2.0.0',
120 silly addNameRange     '2.0.1' ] ]
121 silly addNamed basic-auth@2.0.1
122 verbose addNamed "2.0.1" is a plain semver version for basic-auth
123 silly cache afterAdd on-headers@1.0.2
124 verbose afterAdd /home/ubuntu/.npm/on-headers/1.0.2/package/package.json not in flight; writing
125 silly cache afterAdd basic-auth@2.0.1
126 verbose afterAdd /home/ubuntu/.npm/basic-auth/2.0.1/package/package.json not in flight; writing
127 verbose afterAdd /home/ubuntu/.npm/on-headers/1.0.2/package/package.json written
128 verbose afterAdd /home/ubuntu/.npm/basic-auth/2.0.1/package/package.json written
129 silly loadAllDepsIntoIdealTree Finishing
130 silly idealTree:prePrune node-chat@0.0.0
130 silly idealTree:prePrune ├── accepts@1.3.7
130 silly idealTree:prePrune ├── after@0.8.2
130 silly idealTree:prePrune ├── array-flatten@1.1.1
130 silly idealTree:prePrune ├── arraybuffer.slice@0.0.7
130 silly idealTree:prePrune ├── async-limiter@1.0.0
130 silly idealTree:prePrune ├── backo2@1.0.2
130 silly idealTree:prePrune ├── balanced-match@1.0.0
130 silly idealTree:prePrune ├── base64-arraybuffer@0.1.5
130 silly idealTree:prePrune ├── base64id@1.0.0
130 silly idealTree:prePrune ├── basic-auth@2.0.1
130 silly idealTree:prePrune ├── better-assert@1.0.2
130 silly idealTree:prePrune ├── blob@0.0.5
130 silly idealTree:prePrune ├── body-parser@1.19.0
130 silly idealTree:prePrune ├── brace-expansion@1.1.11
130 silly idealTree:prePrune ├── bytes@3.1.0
130 silly idealTree:prePrune ├── callsite@1.0.0
130 silly idealTree:prePrune ├── commander@2.15.1
130 silly idealTree:prePrune ├── component-bind@1.0.0
130 silly idealTree:prePrune ├── component-emitter@1.2.1
130 silly idealTree:prePrune ├── component-inherit@0.0.3
130 silly idealTree:prePrune ├── concat-map@0.0.1
130 silly idealTree:prePrune ├── content-disposition@0.5.3
130 silly idealTree:prePrune ├── content-type@1.0.4
130 silly idealTree:prePrune ├── cookie-signature@1.0.6
130 silly idealTree:prePrune ├── cookie@0.4.0
130 silly idealTree:prePrune ├── debug@2.6.9
130 silly idealTree:prePrune ├── depd@1.1.2
130 silly idealTree:prePrune ├── destroy@1.0.4
130 silly idealTree:prePrune ├── ee-first@1.1.1
130 silly idealTree:prePrune ├── encodeurl@1.0.2
130 silly idealTree:prePrune ├─┬ engine.io-client@3.3.2
130 silly idealTree:prePrune │ └── debug@3.1.0
130 silly idealTree:prePrune ├── engine.io-parser@2.1.3
130 silly idealTree:prePrune ├─┬ engine.io@3.3.2
130 silly idealTree:prePrune │ ├── cookie@0.3.1
130 silly idealTree:prePrune │ └── debug@3.1.0
130 silly idealTree:prePrune ├── escape-html@1.0.3
130 silly idealTree:prePrune ├── etag@1.8.1
130 silly idealTree:prePrune ├─┬ express-generator@4.16.1
130 silly idealTree:prePrune │ └── ejs@2.6.1
130 silly idealTree:prePrune ├── express@4.17.0
130 silly idealTree:prePrune ├── finalhandler@1.1.2
130 silly idealTree:prePrune ├── forwarded@0.1.2
130 silly idealTree:prePrune ├── fresh@0.5.2
130 silly idealTree:prePrune ├── has-binary2@1.0.3
130 silly idealTree:prePrune ├── has-cors@1.1.0
130 silly idealTree:prePrune ├── http-errors@1.7.2
130 silly idealTree:prePrune ├── iconv-lite@0.4.24
130 silly idealTree:prePrune ├── indexof@0.0.1
130 silly idealTree:prePrune ├── inherits@2.0.3
130 silly idealTree:prePrune ├── ipaddr.js@1.9.0
130 silly idealTree:prePrune ├── isarray@2.0.1
130 silly idealTree:prePrune ├── media-typer@0.3.0
130 silly idealTree:prePrune ├── merge-descriptors@1.0.1
130 silly idealTree:prePrune ├── methods@1.1.2
130 silly idealTree:prePrune ├── mime-db@1.40.0
130 silly idealTree:prePrune ├── mime-types@2.1.24
130 silly idealTree:prePrune ├── mime@1.6.0
130 silly idealTree:prePrune ├── minimatch@3.0.4
130 silly idealTree:prePrune ├── minimist@0.0.8
130 silly idealTree:prePrune ├── mkdirp@0.5.1
130 silly idealTree:prePrune ├── morgan@1.9.1
130 silly idealTree:prePrune ├── ms@2.0.0
130 silly idealTree:prePrune ├── negotiator@0.6.2
130 silly idealTree:prePrune ├── object-component@0.0.3
130 silly idealTree:prePrune ├── on-finished@2.3.0
130 silly idealTree:prePrune ├── on-headers@1.0.2
130 silly idealTree:prePrune ├── parseqs@0.0.5
130 silly idealTree:prePrune ├── parseuri@0.0.5
130 silly idealTree:prePrune ├── parseurl@1.3.3
130 silly idealTree:prePrune ├── path-to-regexp@0.1.7
130 silly idealTree:prePrune ├── proxy-addr@2.0.5
130 silly idealTree:prePrune ├── qs@6.7.0
130 silly idealTree:prePrune ├── range-parser@1.2.1
130 silly idealTree:prePrune ├── raw-body@2.4.0
130 silly idealTree:prePrune ├── safe-buffer@5.1.2
130 silly idealTree:prePrune ├── safer-buffer@2.1.2
130 silly idealTree:prePrune ├─┬ send@0.17.1
130 silly idealTree:prePrune │ └── ms@2.1.1
130 silly idealTree:prePrune ├── serve-static@1.14.1
130 silly idealTree:prePrune ├── setprototypeof@1.1.1
130 silly idealTree:prePrune ├── socket.io-adapter@1.1.1
130 silly idealTree:prePrune ├─┬ socket.io-client@2.2.0
130 silly idealTree:prePrune │ └── debug@3.1.0
130 silly idealTree:prePrune ├─┬ socket.io-parser@3.3.0
130 silly idealTree:prePrune │ └── debug@3.1.0
130 silly idealTree:prePrune ├─┬ socket.io@2.2.0
130 silly idealTree:prePrune │ ├── debug@4.1.1
130 silly idealTree:prePrune │ └── ms@2.1.1
130 silly idealTree:prePrune ├── sorted-object@2.0.1
130 silly idealTree:prePrune ├── statuses@1.5.0
130 silly idealTree:prePrune ├── to-array@0.1.4
130 silly idealTree:prePrune ├── toidentifier@1.0.0
130 silly idealTree:prePrune ├── type-is@1.6.18
130 silly idealTree:prePrune ├── unpipe@1.0.0
130 silly idealTree:prePrune ├── utils-merge@1.0.1
130 silly idealTree:prePrune ├── vary@1.1.2
130 silly idealTree:prePrune ├── ws@6.1.4
130 silly idealTree:prePrune ├── xmlhttprequest-ssl@1.5.5
130 silly idealTree:prePrune └── yeast@0.1.2
131 silly loadIdealTree Finishing
132 silly currentTree node-chat@0.0.0
132 silly currentTree ├── accepts@1.3.7
132 silly currentTree ├── after@0.8.2
132 silly currentTree ├── array-flatten@1.1.1
132 silly currentTree ├── arraybuffer.slice@0.0.7
132 silly currentTree ├── async-limiter@1.0.0
132 silly currentTree ├── backo2@1.0.2
132 silly currentTree ├── balanced-match@1.0.0
132 silly currentTree ├── base64-arraybuffer@0.1.5
132 silly currentTree ├── base64id@1.0.0
132 silly currentTree ├── basic-auth@2.0.1
132 silly currentTree ├── better-assert@1.0.2
132 silly currentTree ├── blob@0.0.5
132 silly currentTree ├── body-parser@1.19.0
132 silly currentTree ├── brace-expansion@1.1.11
132 silly currentTree ├── bytes@3.1.0
132 silly currentTree ├── callsite@1.0.0
132 silly currentTree ├── commander@2.15.1
132 silly currentTree ├── component-bind@1.0.0
132 silly currentTree ├── component-emitter@1.2.1
132 silly currentTree ├── component-inherit@0.0.3
132 silly currentTree ├── concat-map@0.0.1
132 silly currentTree ├── content-disposition@0.5.3
132 silly currentTree ├── content-type@1.0.4
132 silly currentTree ├── cookie-signature@1.0.6
132 silly currentTree ├── cookie@0.4.0
132 silly currentTree ├── debug@2.6.9
132 silly currentTree ├── depd@1.1.2
132 silly currentTree ├── destroy@1.0.4
132 silly currentTree ├── ee-first@1.1.1
132 silly currentTree ├── encodeurl@1.0.2
132 silly currentTree ├─┬ engine.io-client@3.3.2
132 silly currentTree │ └── debug@3.1.0
132 silly currentTree ├── engine.io-parser@2.1.3
132 silly currentTree ├─┬ engine.io@3.3.2
132 silly currentTree │ ├── cookie@0.3.1
132 silly currentTree │ └── debug@3.1.0
132 silly currentTree ├── escape-html@1.0.3
132 silly currentTree ├── etag@1.8.1
132 silly currentTree ├─┬ express-generator@4.16.1
132 silly currentTree │ └── ejs@2.6.1
132 silly currentTree ├── express@4.17.0
132 silly currentTree ├── finalhandler@1.1.2
132 silly currentTree ├── forwarded@0.1.2
132 silly currentTree ├── fresh@0.5.2
132 silly currentTree ├── has-binary2@1.0.3
132 silly currentTree ├── has-cors@1.1.0
132 silly currentTree ├── http-errors@1.7.2
132 silly currentTree ├── iconv-lite@0.4.24
132 silly currentTree ├── indexof@0.0.1
132 silly currentTree ├── inherits@2.0.3
132 silly currentTree ├── ipaddr.js@1.9.0
132 silly currentTree ├── isarray@2.0.1
132 silly currentTree ├── media-typer@0.3.0
132 silly currentTree ├── merge-descriptors@1.0.1
132 silly currentTree ├── methods@1.1.2
132 silly currentTree ├── mime-db@1.40.0
132 silly currentTree ├── mime-types@2.1.24
132 silly currentTree ├── mime@1.6.0
132 silly currentTree ├── minimatch@3.0.4
132 silly currentTree ├── minimist@0.0.8
132 silly currentTree ├── mkdirp@0.5.1
132 silly currentTree ├── morgan@1.9.1
132 silly currentTree ├── ms@2.0.0
132 silly currentTree ├── negotiator@0.6.2
132 silly currentTree ├── object-component@0.0.3
132 silly currentTree ├── on-finished@2.3.0
132 silly currentTree ├── on-headers@1.0.2
132 silly currentTree ├── parseqs@0.0.5
132 silly currentTree ├── parseuri@0.0.5
132 silly currentTree ├── parseurl@1.3.3
132 silly currentTree ├── path-to-regexp@0.1.7
132 silly currentTree ├── proxy-addr@2.0.5
132 silly currentTree ├── qs@6.7.0
132 silly currentTree ├── range-parser@1.2.1
132 silly currentTree ├── raw-body@2.4.0
132 silly currentTree ├── safe-buffer@5.1.2
132 silly currentTree ├── safer-buffer@2.1.2
132 silly currentTree ├─┬ send@0.17.1
132 silly currentTree │ └── ms@2.1.1
132 silly currentTree ├── serve-static@1.14.1
132 silly currentTree ├── setprototypeof@1.1.1
132 silly currentTree ├── socket.io-adapter@1.1.1
132 silly currentTree ├─┬ socket.io-client@2.2.0
132 silly currentTree │ └── debug@3.1.0
132 silly currentTree ├─┬ socket.io-parser@3.3.0
132 silly currentTree │ └── debug@3.1.0
132 silly currentTree ├─┬ socket.io@2.2.0
132 silly currentTree │ ├── debug@4.1.1
132 silly currentTree │ └── ms@2.1.1
132 silly currentTree ├── sorted-object@2.0.1
132 silly currentTree ├── statuses@1.5.0
132 silly currentTree ├── to-array@0.1.4
132 silly currentTree ├── toidentifier@1.0.0
132 silly currentTree ├── type-is@1.6.18
132 silly currentTree ├── unpipe@1.0.0
132 silly currentTree ├── utils-merge@1.0.1
132 silly currentTree ├── vary@1.1.2
132 silly currentTree ├── ws@6.1.4
132 silly currentTree ├── xmlhttprequest-ssl@1.5.5
132 silly currentTree └── yeast@0.1.2
133 silly idealTree node-chat@0.0.0
133 silly idealTree ├── accepts@1.3.7
133 silly idealTree ├── after@0.8.2
133 silly idealTree ├── array-flatten@1.1.1
133 silly idealTree ├── arraybuffer.slice@0.0.7
133 silly idealTree ├── async-limiter@1.0.0
133 silly idealTree ├── backo2@1.0.2
133 silly idealTree ├── balanced-match@1.0.0
133 silly idealTree ├── base64-arraybuffer@0.1.5
133 silly idealTree ├── base64id@1.0.0
133 silly idealTree ├── basic-auth@2.0.1
133 silly idealTree ├── better-assert@1.0.2
133 silly idealTree ├── blob@0.0.5
133 silly idealTree ├── body-parser@1.19.0
133 silly idealTree ├── brace-expansion@1.1.11
133 silly idealTree ├── bytes@3.1.0
133 silly idealTree ├── callsite@1.0.0
133 silly idealTree ├── commander@2.15.1
133 silly idealTree ├── component-bind@1.0.0
133 silly idealTree ├── component-emitter@1.2.1
133 silly idealTree ├── component-inherit@0.0.3
133 silly idealTree ├── concat-map@0.0.1
133 silly idealTree ├── content-disposition@0.5.3
133 silly idealTree ├── content-type@1.0.4
133 silly idealTree ├── cookie-signature@1.0.6
133 silly idealTree ├── cookie@0.4.0
133 silly idealTree ├── debug@2.6.9
133 silly idealTree ├── depd@1.1.2
133 silly idealTree ├── destroy@1.0.4
133 silly idealTree ├── ee-first@1.1.1
133 silly idealTree ├── encodeurl@1.0.2
133 silly idealTree ├─┬ engine.io-client@3.3.2
133 silly idealTree │ └── debug@3.1.0
133 silly idealTree ├── engine.io-parser@2.1.3
133 silly idealTree ├─┬ engine.io@3.3.2
133 silly idealTree │ ├── cookie@0.3.1
133 silly idealTree │ └── debug@3.1.0
133 silly idealTree ├── escape-html@1.0.3
133 silly idealTree ├── etag@1.8.1
133 silly idealTree ├─┬ express-generator@4.16.1
133 silly idealTree │ └── ejs@2.6.1
133 silly idealTree ├── express@4.17.0
133 silly idealTree ├── finalhandler@1.1.2
133 silly idealTree ├── forwarded@0.1.2
133 silly idealTree ├── fresh@0.5.2
133 silly idealTree ├── has-binary2@1.0.3
133 silly idealTree ├── has-cors@1.1.0
133 silly idealTree ├── http-errors@1.7.2
133 silly idealTree ├── iconv-lite@0.4.24
133 silly idealTree ├── indexof@0.0.1
133 silly idealTree ├── inherits@2.0.3
133 silly idealTree ├── ipaddr.js@1.9.0
133 silly idealTree ├── isarray@2.0.1
133 silly idealTree ├── media-typer@0.3.0
133 silly idealTree ├── merge-descriptors@1.0.1
133 silly idealTree ├── methods@1.1.2
133 silly idealTree ├── mime-db@1.40.0
133 silly idealTree ├── mime-types@2.1.24
133 silly idealTree ├── mime@1.6.0
133 silly idealTree ├── minimatch@3.0.4
133 silly idealTree ├── minimist@0.0.8
133 silly idealTree ├── mkdirp@0.5.1
133 silly idealTree ├── morgan@1.9.1
133 silly idealTree ├── ms@2.0.0
133 silly idealTree ├── negotiator@0.6.2
133 silly idealTree ├── object-component@0.0.3
133 silly idealTree ├── on-finished@2.3.0
133 silly idealTree ├── on-headers@1.0.2
133 silly idealTree ├── parseqs@0.0.5
133 silly idealTree ├── parseuri@0.0.5
133 silly idealTree ├── parseurl@1.3.3
133 silly idealTree ├── path-to-regexp@0.1.7
133 silly idealTree ├── proxy-addr@2.0.5
133 silly idealTree ├── qs@6.7.0
133 silly idealTree ├── range-parser@1.2.1
133 silly idealTree ├── raw-body@2.4.0
133 silly idealTree ├── safe-buffer@5.1.2
133 silly idealTree ├── safer-buffer@2.1.2
133 silly idealTree ├─┬ send@0.17.1
133 silly idealTree │ └── ms@2.1.1
133 silly idealTree ├── serve-static@1.14.1
133 silly idealTree ├── setprototypeof@1.1.1
133 silly idealTree ├── socket.io-adapter@1.1.1
133 silly idealTree ├─┬ socket.io-client@2.2.0
133 silly idealTree │ └── debug@3.1.0
133 silly idealTree ├─┬ socket.io-parser@3.3.0
133 silly idealTree │ └── debug@3.1.0
133 silly idealTree ├─┬ socket.io@2.2.0
133 silly idealTree │ ├── debug@4.1.1
133 silly idealTree │ └── ms@2.1.1
133 silly idealTree ├── sorted-object@2.0.1
133 silly idealTree ├── statuses@1.5.0
133 silly idealTree ├── to-array@0.1.4
133 silly idealTree ├── toidentifier@1.0.0
133 silly idealTree ├── type-is@1.6.18
133 silly idealTree ├── unpipe@1.0.0
133 silly idealTree ├── utils-merge@1.0.1
133 silly idealTree ├── vary@1.1.2
133 silly idealTree ├── ws@6.1.4
133 silly idealTree ├── xmlhttprequest-ssl@1.5.5
133 silly idealTree └── yeast@0.1.2
134 silly generateActionsToTake Starting
135 silly install generateActionsToTake
136 silly generateActionsToTake Finishing
137 silly diffTrees action count 3
138 silly diffTrees update express@4.17.0
139 silly diffTrees update express-generator@4.16.1
140 silly diffTrees update socket.io@2.2.0
141 silly decomposeActions action count 24
142 silly decomposeActions fetch express@4.17.0
143 silly decomposeActions extract express@4.17.0
144 silly decomposeActions test express@4.17.0
145 silly decomposeActions preinstall express@4.17.0
146 silly decomposeActions build express@4.17.0
147 silly decomposeActions install express@4.17.0
148 silly decomposeActions postinstall express@4.17.0
149 silly decomposeActions finalize express@4.17.0
150 silly decomposeActions fetch express-generator@4.16.1
151 silly decomposeActions extract express-generator@4.16.1
152 silly decomposeActions test express-generator@4.16.1
153 silly decomposeActions preinstall express-generator@4.16.1
154 silly decomposeActions build express-generator@4.16.1
155 silly decomposeActions install express-generator@4.16.1
156 silly decomposeActions postinstall express-generator@4.16.1
157 silly decomposeActions finalize express-generator@4.16.1
158 silly decomposeActions fetch socket.io@2.2.0
159 silly decomposeActions extract socket.io@2.2.0
160 silly decomposeActions test socket.io@2.2.0
161 silly decomposeActions preinstall socket.io@2.2.0
162 silly decomposeActions build socket.io@2.2.0
163 silly decomposeActions install socket.io@2.2.0
164 silly decomposeActions postinstall socket.io@2.2.0
165 silly decomposeActions finalize socket.io@2.2.0
166 silly executeActions Starting
167 silly install executeActions
168 silly doSerial global-install 0
169 silly doParallel fetch 3
170 verbose lock using /home/ubuntu/.npm/_locks/staging-82d081e3ef8f7f8c.lock for /home/ubuntu/node-chat/node_modules/.staging
171 silly doParallel extract 3
172 silly extract express@4.17.0
173 silly extract express-generator@4.16.1
174 silly extract socket.io@2.2.0
175 verbose unbuild node_modules/.staging/express-4340776b
176 verbose unbuild node_modules/.staging/socket.io-4f8964c5
177 verbose unbuild node_modules/.staging/express-generator-a05c5448
178 silly gentlyRm /home/ubuntu/node-chat/node_modules/.staging/express-4340776b is being purged from base /home/ubuntu/node-chat
179 verbose gentlyRm don't care about contents; nuking /home/ubuntu/node-chat/node_modules/.staging/express-4340776b
180 silly gentlyRm /home/ubuntu/node-chat/node_modules/.staging/socket.io-4f8964c5 is being purged from base /home/ubuntu/node-chat
181 verbose gentlyRm don't care about contents; nuking /home/ubuntu/node-chat/node_modules/.staging/socket.io-4f8964c5
182 verbose tar unpack /home/ubuntu/.npm/express/4.17.0/package.tgz
183 verbose tar unpacking to /home/ubuntu/node-chat/node_modules/.staging/express-4340776b
184 silly gentlyRm /home/ubuntu/node-chat/node_modules/.staging/express-4340776b is being purged
185 verbose gentlyRm don't care about contents; nuking /home/ubuntu/node-chat/node_modules/.staging/express-4340776b
186 silly gentlyRm /home/ubuntu/node-chat/node_modules/.staging/express-generator-a05c5448 is being purged from base /home/ubuntu/node-chat
187 verbose gentlyRm don't care about contents; nuking /home/ubuntu/node-chat/node_modules/.staging/express-generator-a05c5448
188 verbose tar unpack /home/ubuntu/.npm/socket.io/2.2.0/package.tgz
189 verbose tar unpacking to /home/ubuntu/node-chat/node_modules/.staging/socket.io-4f8964c5
190 silly gentlyRm /home/ubuntu/node-chat/node_modules/.staging/socket.io-4f8964c5 is being purged
191 verbose gentlyRm don't care about contents; nuking /home/ubuntu/node-chat/node_modules/.staging/socket.io-4f8964c5
192 silly gunzTarPerm modes [ '755', '644' ]
193 verbose tar unpack /home/ubuntu/.npm/express-generator/4.16.1/package.tgz
194 verbose tar unpacking to /home/ubuntu/node-chat/node_modules/.staging/express-generator-a05c5448
195 silly gentlyRm /home/ubuntu/node-chat/node_modules/.staging/express-generator-a05c5448 is being purged
196 verbose gentlyRm don't care about contents; nuking /home/ubuntu/node-chat/node_modules/.staging/express-generator-a05c5448
197 silly gunzTarPerm modes [ '755', '644' ]
198 silly gunzTarPerm modes [ '755', '644' ]
199 silly gunzTarPerm extractEntry package.json
200 silly gunzTarPerm extractEntry package.json
201 silly gunzTarPerm modified mode [ 'package.json', 436, 420 ]
202 silly gunzTarPerm extractEntry package.json
203 silly gunzTarPerm extractEntry History.md
204 silly gunzTarPerm extractEntry index.js
205 silly gunzTarPerm extractEntry LICENSE
206 silly gunzTarPerm modified mode [ 'LICENSE', 436, 420 ]
207 silly gunzTarPerm extractEntry Readme.md
208 silly gunzTarPerm modified mode [ 'Readme.md', 436, 420 ]
209 silly gunzTarPerm extractEntry LICENSE
210 silly gunzTarPerm extractEntry README.md
211 silly gunzTarPerm extractEntry LICENSE
212 silly gunzTarPerm extractEntry Readme.md
213 silly gunzTarPerm extractEntry lib/application.js
214 silly gunzTarPerm extractEntry lib/client.js
215 silly gunzTarPerm modified mode [ 'lib/client.js', 436, 420 ]
216 silly gunzTarPerm extractEntry bin/express-cli.js
217 silly gunzTarPerm extractEntry templates/css/style.css
218 silly gunzTarPerm extractEntry templates/css/style.less
219 silly gunzTarPerm extractEntry templates/css/style.sass
220 silly gunzTarPerm extractEntry templates/css/style.scss
221 silly gunzTarPerm extractEntry templates/css/style.styl
222 silly gunzTarPerm extractEntry templates/js/app.js.ejs
223 silly gunzTarPerm extractEntry templates/js/gitignore
224 silly gunzTarPerm extractEntry templates/js/index.html
225 silly gunzTarPerm extractEntry templates/js/routes/index.js
226 silly gunzTarPerm extractEntry templates/js/routes/users.js
227 silly gunzTarPerm extractEntry templates/js/www.ejs
228 silly gunzTarPerm extractEntry templates/views/error.dust
229 silly gunzTarPerm extractEntry templates/views/error.ejs
230 silly gunzTarPerm extractEntry templates/views/error.hbs
231 silly gunzTarPerm extractEntry templates/views/error.hjs
232 silly gunzTarPerm extractEntry templates/views/error.jade
233 silly gunzTarPerm extractEntry templates/views/error.pug
234 silly gunzTarPerm extractEntry templates/views/error.twig
235 silly gunzTarPerm extractEntry templates/views/error.vash
236 silly gunzTarPerm extractEntry templates/views/index.dust
237 silly gunzTarPerm extractEntry templates/views/index.ejs
238 silly gunzTarPerm extractEntry templates/views/index.hbs
239 silly gunzTarPerm extractEntry templates/views/index.hjs
240 silly gunzTarPerm extractEntry templates/views/index.jade
241 silly gunzTarPerm extractEntry templates/views/index.pug
242 silly gunzTarPerm extractEntry templates/views/index.twig
243 silly gunzTarPerm extractEntry templates/views/index.vash
244 silly gunzTarPerm extractEntry templates/views/layout.hbs
245 silly gunzTarPerm extractEntry templates/views/layout.jade
246 silly gunzTarPerm extractEntry templates/views/layout.pug
247 silly gunzTarPerm extractEntry templates/views/layout.twig
248 silly gunzTarPerm extractEntry templates/views/layout.vash
249 silly gunzTarPerm extractEntry lib/express.js
250 silly gunzTarPerm extractEntry lib/middleware/init.js
251 silly gunzTarPerm extractEntry lib/middleware/query.js
252 silly gunzTarPerm extractEntry lib/request.js
253 silly gunzTarPerm extractEntry lib/index.js
254 silly gunzTarPerm modified mode [ 'lib/index.js', 436, 420 ]
255 silly gunzTarPerm extractEntry lib/namespace.js
256 silly gunzTarPerm modified mode [ 'lib/namespace.js', 436, 420 ]
257 silly gunzTarPerm extractEntry lib/response.js
258 silly gunzTarPerm extractEntry lib/parent-namespace.js
259 silly gunzTarPerm modified mode [ 'lib/parent-namespace.js', 436, 420 ]
260 silly gunzTarPerm extractEntry lib/socket.js
261 silly gunzTarPerm modified mode [ 'lib/socket.js', 436, 420 ]
262 silly gunzTarPerm extractEntry lib/router/index.js
263 silly gunzTarPerm extractEntry lib/router/layer.js
264 silly gunzTarPerm extractEntry lib/router/route.js
265 silly gunzTarPerm extractEntry lib/utils.js
266 silly gunzTarPerm extractEntry lib/view.js
267 silly gentlyRm /home/ubuntu/node-chat/node_modules/.staging/socket.io-4f8964c5/node_modules is being purged
268 verbose gentlyRm don't care about contents; nuking /home/ubuntu/node-chat/node_modules/.staging/socket.io-4f8964c5/node_modules
269 silly gentlyRm /home/ubuntu/node-chat/node_modules/.staging/express-4340776b/node_modules is being purged
270 verbose gentlyRm don't care about contents; nuking /home/ubuntu/node-chat/node_modules/.staging/express-4340776b/node_modules
271 silly gentlyRm /home/ubuntu/node-chat/node_modules/.staging/express-generator-a05c5448/node_modules is being purged
272 verbose gentlyRm don't care about contents; nuking /home/ubuntu/node-chat/node_modules/.staging/express-generator-a05c5448/node_modules
273 silly doParallel preinstall 3
274 silly preinstall express@4.17.0 /home/ubuntu/node-chat/node_modules/.staging/express-4340776b
275 info lifecycle express@4.17.0~preinstall: express@4.17.0
276 silly preinstall express-generator@4.16.1 /home/ubuntu/node-chat/node_modules/.staging/express-generator-a05c5448
277 info lifecycle express-generator@4.16.1~preinstall: express-generator@4.16.1
278 silly preinstall socket.io@2.2.0 /home/ubuntu/node-chat/node_modules/.staging/socket.io-4f8964c5
279 info lifecycle socket.io@2.2.0~preinstall: socket.io@2.2.0
280 silly lifecycle express@4.17.0~preinstall: no script for preinstall, continuing
281 silly lifecycle express-generator@4.16.1~preinstall: no script for preinstall, continuing
282 silly lifecycle socket.io@2.2.0~preinstall: no script for preinstall, continuing
283 silly doReverseSerial remove 0
284 silly doSerial move 0
285 silly doSerial finalize 3
286 silly finalize /home/ubuntu/node-chat/node_modules/express
287 silly finalize /home/ubuntu/node-chat/node_modules/express-generator
288 silly finalize /home/ubuntu/node-chat/node_modules/socket.io
289 verbose unlock done using /home/ubuntu/.npm/_locks/staging-82d081e3ef8f7f8c.lock for /home/ubuntu/node-chat/node_modules/.staging
290 silly rollbackFailedOptional Starting
291 silly rollbackFailedOptional Finishing
292 silly runTopLevelLifecycles Starting
293 silly runTopLevelLifecycles Finishing
294 silly install printInstalled
295 verbose stack Error: ENOTEMPTY: directory not empty, rename '/home/ubuntu/node-chat/node_modules/socket.io' -> '/home/ubuntu/node-chat/node_modules/.socket.io.DELETE'
295 verbose stack     at moveAway (/usr/share/npm/lib/install/action/finalize.js:38:5)
295 verbose stack     at destStatted (/usr/share/npm/lib/install/action/finalize.js:27:7)
295 verbose stack     at FSReqWrap.oncomplete (fs.js:153:5)
295 verbose stack
295 verbose stack Error: ENOTEMPTY: directory not empty, rename '/home/ubuntu/node-chat/node_modules/socket.io' -> '/home/ubuntu/node-chat/node_modules/.socket.io.DELETE'
296 verbose cwd /home/ubuntu/node-chat
297 error Linux 4.15.0-1039-aws
298 error argv "/usr/bin/node" "/usr/bin/npm" "install" "morgan"
299 error node v8.10.0
300 error npm  v3.5.2
301 error path /home/ubuntu/node-chat/node_modules/socket.io
302 error code ENOTEMPTY
303 error errno -39
304 error syscall rename
305 error ENOTEMPTY: directory not empty, rename '/home/ubuntu/node-chat/node_modules/socket.io' -> '/home/ubuntu/node-chat/node_modules/.socket.io.DELETE'
306 error If you need help, you may report this error at:
306 error     <https://github.com/npm/npm/issues>
307 verbose exit [ -39, true ]
